# Logfile created on 2014-05-12 08:22:14 +0000 by logger.rb/44203
I, [2014-05-12T08:22:14.981400 #5467]  INFO -- : 0:  daemons (1.1.9) from /home/action/.rvm/gems/ruby-2.1.0/specifications/daemons-1.1.9.gemspec
I, [2014-05-12T08:23:16.359277 #5467]  INFO -- : 0:  eventmachine (1.0.3) from /home/action/.rvm/gems/ruby-2.1.0/specifications/eventmachine-1.0.3.gemspec
I, [2014-05-12T08:23:19.768701 #5467]  INFO -- : 0:  tilt (1.4.1) from /home/action/.rvm/gems/ruby-2.1.0/specifications/tilt-1.4.1.gemspec
I, [2014-05-12T08:23:24.797309 #5467]  INFO -- : 0:  haml (4.0.5) from /home/action/.rvm/gems/ruby-2.1.0/specifications/haml-4.0.5.gemspec
I, [2014-05-12T08:23:28.974124 #5467]  INFO -- : 0:  rack (1.5.2) from /home/action/.rvm/gems/ruby-2.1.0/specifications/rack-1.5.2.gemspec
I, [2014-05-12T08:23:31.838131 #5467]  INFO -- : 0:  rack-protection (1.5.2) from /home/action/.rvm/gems/ruby-2.1.0/specifications/rack-protection-1.5.2.gemspec
I, [2014-05-12T08:23:36.263612 #5467]  INFO -- : 0:  sinatra (1.4.4) from /home/action/.rvm/gems/ruby-2.1.0/specifications/sinatra-1.4.4.gemspec
I, [2014-05-12T08:23:47.597321 #5467]  INFO -- : 0:  thin (1.6.1) from /home/action/.rvm/gems/ruby-2.1.0/specifications/thin-1.6.1.gemspec
I, [2014-05-12T08:23:47.599883 #5467]  INFO -- : 0:  bundler (1.5.0) from /home/action/.rvm/gems/ruby-2.1.0@global/specifications/bundler-1.5.0.gemspec
I, [2014-05-12T09:54:28.675112 #6516]  INFO -- : 0:  addressable (2.3.6) from /home/action/.rvm/gems/ruby-2.1.0/specifications/addressable-2.3.6.gemspec
I, [2014-05-12T09:54:29.413338 #6516]  INFO -- : 0:  buftok (0.2.0) from /home/action/.rvm/gems/ruby-2.1.0/specifications/buftok-0.2.0.gemspec
I, [2014-05-12T09:54:30.189557 #6516]  INFO -- : 0:  cookiejar (0.3.2) from /home/action/.rvm/gems/ruby-2.1.0/specifications/cookiejar-0.3.2.gemspec
I, [2014-05-12T09:54:30.190489 #6516]  INFO -- : 0:  daemons (1.1.9) from /home/action/.rvm/gems/ruby-2.1.0/specifications/daemons-1.1.9.gemspec
I, [2014-05-12T09:54:30.191747 #6516]  INFO -- : 0:  eventmachine (1.0.3) from /home/action/.rvm/gems/ruby-2.1.0/specifications/eventmachine-1.0.3.gemspec
I, [2014-05-12T09:54:31.102642 #6516]  INFO -- : 0:  em-socksify (0.3.0) from /home/action/.rvm/gems/ruby-2.1.0/specifications/em-socksify-0.3.0.gemspec
I, [2014-05-12T09:54:36.330239 #6516]  INFO -- : 0:  http_parser.rb (0.6.0) from /home/action/.rvm/gems/ruby-2.1.0/specifications/http_parser.rb-0.6.0.gemspec
I, [2014-05-12T09:54:37.659397 #6516]  INFO -- : 0:  em-http-request (1.1.2) from /home/action/.rvm/gems/ruby-2.1.0/specifications/em-http-request-1.1.2.gemspec
I, [2014-05-12T09:54:38.675828 #6516]  INFO -- : 0:  simple_oauth (0.2.0) from /home/action/.rvm/gems/ruby-2.1.0/specifications/simple_oauth-0.2.0.gemspec
I, [2014-05-12T09:54:40.303503 #6516]  INFO -- : 0:  em-twitter (0.3.3) from /home/action/.rvm/gems/ruby-2.1.0/specifications/em-twitter-0.3.3.gemspec
I, [2014-05-12T09:54:41.219451 #6516]  INFO -- : 0:  equalizer (0.0.9) from /home/action/.rvm/gems/ruby-2.1.0/specifications/equalizer-0.0.9.gemspec
I, [2014-05-12T09:54:42.481024 #6516]  INFO -- : 0:  multipart-post (2.0.0) from /home/action/.rvm/gems/ruby-2.1.0/specifications/multipart-post-2.0.0.gemspec
I, [2014-05-12T09:54:44.319008 #6516]  INFO -- : 0:  faraday (0.9.0) from /home/action/.rvm/gems/ruby-2.1.0/specifications/faraday-0.9.0.gemspec
I, [2014-05-12T09:54:44.320013 #6516]  INFO -- : 0:  tilt (1.4.1) from /home/action/.rvm/gems/ruby-2.1.0/specifications/tilt-1.4.1.gemspec
I, [2014-05-12T09:54:44.320783 #6516]  INFO -- : 0:  haml (4.0.5) from /home/action/.rvm/gems/ruby-2.1.0/specifications/haml-4.0.5.gemspec
I, [2014-05-12T09:54:45.555953 #6516]  INFO -- : 0:  http (0.5.0) from /home/action/.rvm/gems/ruby-2.1.0/specifications/http-0.5.0.gemspec
E, [2014-05-12T09:54:45.645573 #6516] ERROR -- : Bundler::GemNotFound: Could not find json-1.8.1.gem for installation
/home/action/.rvm/gems/ruby-2.1.0@global/gems/bundler-1.5.0/lib/bundler/source/rubygems.rb:149:in `cached_gem'  \n/home/action/.rvm/gems/ruby-2.1.0@global/gems/bundler-1.5.0/lib/bundler/source/rubygems.rb:84:in `install'  \n/home/action/.rvm/gems/ruby-2.1.0@global/gems/bundler-1.5.0/lib/bundler/installer.rb:111:in `block in install_gem_from_spec'  \n/home/action/.rvm/gems/ruby-2.1.0@global/gems/bundler-1.5.0/lib/bundler/rubygems_integration.rb:150:in `with_build_args'  \n/home/action/.rvm/gems/ruby-2.1.0@global/gems/bundler-1.5.0/lib/bundler/installer.rb:110:in `install_gem_from_spec'  \n/home/action/.rvm/gems/ruby-2.1.0@global/gems/bundler-1.5.0/lib/bundler/installer.rb:295:in `block in install_sequentially'  \n/home/action/.rvm/rubies/ruby-2.1.0/lib/ruby/2.1.0/forwardable.rb:183:in `each'  \n/home/action/.rvm/rubies/ruby-2.1.0/lib/ruby/2.1.0/forwardable.rb:183:in `each'  \n/home/action/.rvm/gems/ruby-2.1.0@global/gems/bundler-1.5.0/lib/bundler/installer.rb:294:in `install_sequentially'  \n/home/action/.rvm/gems/ruby-2.1.0@global/gems/bundler-1.5.0/lib/bundler/installer.rb:97:in `run'  \n/home/action/.rvm/gems/ruby-2.1.0@global/gems/bundler-1.5.0/lib/bundler/installer.rb:15:in `install'  \n/home/action/.rvm/gems/ruby-2.1.0@global/gems/bundler-1.5.0/lib/bundler/cli.rb:257:in `install'  \n/home/action/.rvm/gems/ruby-2.1.0@global/gems/bundler-1.5.0/lib/bundler/vendor/thor/command.rb:27:in `run'  \n/home/action/.rvm/gems/ruby-2.1.0@global/gems/bundler-1.5.0/lib/bundler/vendor/thor/invocation.rb:120:in `invoke_command'  \n/home/action/.rvm/gems/ruby-2.1.0@global/gems/bundler-1.5.0/lib/bundler/vendor/thor.rb:363:in `dispatch'  \n/home/action/.rvm/gems/ruby-2.1.0@global/gems/bundler-1.5.0/lib/bundler/vendor/thor/base.rb:438:in `start'  \n/home/action/.rvm/gems/ruby-2.1.0@global/gems/bundler-1.5.0/lib/bundler/cli.rb:10:in `start'  \n/home/action/.rvm/gems/ruby-2.1.0@global/gems/bundler-1.5.0/bin/bundle:22:in `block in <top (required)>'  \n/home/action/.rvm/gems/ruby-2.1.0@global/gems/bundler-1.5.0/lib/bundler/friendly_errors.rb:5:in `with_friendly_errors'  \n/home/action/.rvm/gems/ruby-2.1.0@global/gems/bundler-1.5.0/bin/bundle:22:in `<top (required)>'  \n/home/action/.rvm/gems/ruby-2.1.0@global/bin/bundle:23:in `load'  \n/home/action/.rvm/gems/ruby-2.1.0@global/bin/bundle:23:in `<main>'  \n/home/action/.rvm/gems/ruby-2.1.0/bin/ruby_executable_hooks:15:in `eval'  \n/home/action/.rvm/gems/ruby-2.1.0/bin/ruby_executable_hooks:15:in `<main>'
I, [2014-05-12T09:58:54.561115 #6588]  INFO -- : 0:  addressable (2.3.6) from /home/action/.rvm/gems/ruby-2.1.0/specifications/addressable-2.3.6.gemspec
I, [2014-05-12T09:58:54.563667 #6588]  INFO -- : 0:  buftok (0.2.0) from /home/action/.rvm/gems/ruby-2.1.0/specifications/buftok-0.2.0.gemspec
I, [2014-05-12T09:58:54.564416 #6588]  INFO -- : 0:  daemons (1.1.9) from /home/action/.rvm/gems/ruby-2.1.0/specifications/daemons-1.1.9.gemspec
I, [2014-05-12T09:58:54.565204 #6588]  INFO -- : 0:  equalizer (0.0.9) from /home/action/.rvm/gems/ruby-2.1.0/specifications/equalizer-0.0.9.gemspec
I, [2014-05-12T09:58:54.565894 #6588]  INFO -- : 0:  eventmachine (1.0.3) from /home/action/.rvm/gems/ruby-2.1.0/specifications/eventmachine-1.0.3.gemspec
I, [2014-05-12T09:58:54.566843 #6588]  INFO -- : 0:  multipart-post (2.0.0) from /home/action/.rvm/gems/ruby-2.1.0/specifications/multipart-post-2.0.0.gemspec
I, [2014-05-12T09:58:54.568163 #6588]  INFO -- : 0:  faraday (0.9.0) from /home/action/.rvm/gems/ruby-2.1.0/specifications/faraday-0.9.0.gemspec
I, [2014-05-12T09:58:54.569371 #6588]  INFO -- : 0:  tilt (1.4.1) from /home/action/.rvm/gems/ruby-2.1.0/specifications/tilt-1.4.1.gemspec
I, [2014-05-12T09:58:54.570819 #6588]  INFO -- : 0:  haml (4.0.5) from /home/action/.rvm/gems/ruby-2.1.0/specifications/haml-4.0.5.gemspec
I, [2014-05-12T09:58:54.650043 #6588]  INFO -- : 0:  http_parser.rb (0.6.0) from /home/action/.rvm/gems/ruby-2.1.0/specifications/http_parser.rb-0.6.0.gemspec
I, [2014-05-12T09:58:54.650778 #6588]  INFO -- : 0:  http (0.5.0) from /home/action/.rvm/gems/ruby-2.1.0/specifications/http-0.5.0.gemspec
E, [2014-05-12T09:58:54.651624 #6588] ERROR -- : Bundler::GemNotFound: Could not find json-1.8.1.gem for installation
/home/action/.rvm/gems/ruby-2.1.0@global/gems/bundler-1.5.0/lib/bundler/source/rubygems.rb:149:in `cached_gem'  \n/home/action/.rvm/gems/ruby-2.1.0@global/gems/bundler-1.5.0/lib/bundler/source/rubygems.rb:84:in `install'  \n/home/action/.rvm/gems/ruby-2.1.0@global/gems/bundler-1.5.0/lib/bundler/installer.rb:111:in `block in install_gem_from_spec'  \n/home/action/.rvm/gems/ruby-2.1.0@global/gems/bundler-1.5.0/lib/bundler/rubygems_integration.rb:150:in `with_build_args'  \n/home/action/.rvm/gems/ruby-2.1.0@global/gems/bundler-1.5.0/lib/bundler/installer.rb:110:in `install_gem_from_spec'  \n/home/action/.rvm/gems/ruby-2.1.0@global/gems/bundler-1.5.0/lib/bundler/installer.rb:295:in `block in install_sequentially'  \n/home/action/.rvm/rubies/ruby-2.1.0/lib/ruby/2.1.0/forwardable.rb:183:in `each'  \n/home/action/.rvm/rubies/ruby-2.1.0/lib/ruby/2.1.0/forwardable.rb:183:in `each'  \n/home/action/.rvm/gems/ruby-2.1.0@global/gems/bundler-1.5.0/lib/bundler/installer.rb:294:in `install_sequentially'  \n/home/action/.rvm/gems/ruby-2.1.0@global/gems/bundler-1.5.0/lib/bundler/installer.rb:97:in `run'  \n/home/action/.rvm/gems/ruby-2.1.0@global/gems/bundler-1.5.0/lib/bundler/installer.rb:15:in `install'  \n/home/action/.rvm/gems/ruby-2.1.0@global/gems/bundler-1.5.0/lib/bundler/cli.rb:257:in `install'  \n/home/action/.rvm/gems/ruby-2.1.0@global/gems/bundler-1.5.0/lib/bundler/vendor/thor/command.rb:27:in `run'  \n/home/action/.rvm/gems/ruby-2.1.0@global/gems/bundler-1.5.0/lib/bundler/vendor/thor/invocation.rb:120:in `invoke_command'  \n/home/action/.rvm/gems/ruby-2.1.0@global/gems/bundler-1.5.0/lib/bundler/vendor/thor.rb:363:in `dispatch'  \n/home/action/.rvm/gems/ruby-2.1.0@global/gems/bundler-1.5.0/lib/bundler/vendor/thor/base.rb:438:in `start'  \n/home/action/.rvm/gems/ruby-2.1.0@global/gems/bundler-1.5.0/lib/bundler/cli.rb:10:in `start'  \n/home/action/.rvm/gems/ruby-2.1.0@global/gems/bundler-1.5.0/bin/bundle:22:in `block in <top (required)>'  \n/home/action/.rvm/gems/ruby-2.1.0@global/gems/bundler-1.5.0/lib/bundler/friendly_errors.rb:5:in `with_friendly_errors'  \n/home/action/.rvm/gems/ruby-2.1.0@global/gems/bundler-1.5.0/bin/bundle:22:in `<top (required)>'  \n/home/action/.rvm/gems/ruby-2.1.0@global/bin/bundle:23:in `load'  \n/home/action/.rvm/gems/ruby-2.1.0@global/bin/bundle:23:in `<main>'  \n/home/action/.rvm/gems/ruby-2.1.0/bin/ruby_executable_hooks:15:in `eval'  \n/home/action/.rvm/gems/ruby-2.1.0/bin/ruby_executable_hooks:15:in `<main>'
